<?xml version="1.0" encoding="utf-8"?><testsuites name="pytest tests"><testsuite name="pytest" errors="0" failures="0" skipped="0" tests="21" time="13.353" timestamp="2026-05-04T13:25:31.816256+00:00" hostname="agent-env-15a1e73c-80ea-40af-ae86-606681f22037"><testcase classname="backend.tests.test_blogs_api.TestAdminAuth" name="test_login_wrong_password" time="0.624" /><testcase classname="backend.tests.test_blogs_api.TestAdminAuth" name="test_login_correct_password" time="0.480" /><testcase classname="backend.tests.test_blogs_api.TestAdminAuth" name="test_verify_with_token" time="0.828" /><testcase classname="backend.tests.test_blogs_api.TestAdminAuth" name="test_verify_without_token" time="0.366" /><testcase classname="backend.tests.test_blogs_api.TestBlogsPublicList" name="test_list_default_pagination" time="0.368" /><testcase classname="backend.tests.test_blogs_api.TestBlogsPublicList" name="test_list_sorted_desc_by_date" time="0.370" /><testcase classname="backend.tests.test_blogs_api.TestBlogsPublicList" name="test_list_only_published_without_auth" time="0.368" /><testcase classname="backend.tests.test_blogs_api.TestBlogsPublicList" name="test_search_case_insensitive" time="0.369" /><testcase classname="backend.tests.test_blogs_api.TestBlogBySlug" name="test_slug_not_found" time="0.451" /><testcase classname="backend.tests.test_blogs_api.TestBlogBySlug" name="test_slug_returns_blog" time="0.738" /><testcase classname="backend.tests.test_blogs_api.TestRelated" name="test_related_returns_list" time="0.740" /><testcase classname="backend.tests.test_blogs_api.TestAdminCRUD" name="test_create_blog_auth_required" time="0.371" /><testcase classname="backend.tests.test_blogs_api.TestAdminCRUD" name="test_create_and_get" time="1.087" /><testcase classname="backend.tests.test_blogs_api.TestAdminCRUD" name="test_unique_slug_generation" time="0.736" /><testcase classname="backend.tests.test_blogs_api.TestAdminCRUD" name="test_update_and_slug_regenerate" time="0.366" /><testcase classname="backend.tests.test_blogs_api.TestAdminCRUD" name="test_include_unpublished_admin" time="1.412" /><testcase classname="backend.tests.test_blogs_api.TestAdminCRUD" name="test_delete_without_auth" time="0.373" /><testcase classname="backend.tests.test_blogs_api.TestAdminCRUD" name="test_delete_cleanup" time="1.449" /><testcase classname="backend.tests.test_blogs_api.TestUpload" name="test_upload_requires_auth" time="0.412" /><testcase classname="backend.tests.test_blogs_api.TestUpload" name="test_upload_and_fetch" time="0.825" /><testcase classname="backend.tests.test_blogs_api.TestUpload" name="test_upload_invalid_type" time="0.446" /></testsuite></testsuites>