<?xml version="1.0" encoding="utf-8"?><testsuites name="pytest tests"><testsuite name="pytest" errors="0" failures="0" skipped="0" tests="38" time="7.368" timestamp="2026-05-09T08:57:14.571640+00:00" hostname="agent-env-15a1e73c-80ea-40af-ae86-606681f22037"><testcase classname="backend.tests.test_backend_node.TestHealth" name="test_health" time="0.253" /><testcase classname="backend.tests.test_backend_node.TestAuth" name="test_login_all_roles" time="0.693" /><testcase classname="backend.tests.test_backend_node.TestAuth" name="test_login_wrong_password" time="0.156" /><testcase classname="backend.tests.test_backend_node.TestAuth" name="test_verify_with_token" time="0.085" /><testcase classname="backend.tests.test_backend_node.TestAuth" name="test_verify_no_token" time="0.105" /><testcase classname="backend.tests.test_backend_node.TestAuth" name="test_verify_garbage_token" time="0.092" /><testcase classname="backend.tests.test_backend_node.TestAuth" name="test_auth_me_alias" time="0.120" /><testcase classname="backend.tests.test_backend_node.TestUserCRUD" name="test_super_admin_list_users" time="0.116" /><testcase classname="backend.tests.test_backend_node.TestUserCRUD" name="test_super_admin_create_get_update_delete" time="0.804" /><testcase classname="backend.tests.test_backend_node.TestUserCRUD" name="test_admin_cannot_create_super_admin" time="0.091" /><testcase classname="backend.tests.test_backend_node.TestUserCRUD" name="test_admin_can_manage_editor_author_admin" time="0.377" /><testcase classname="backend.tests.test_backend_node.TestUserCRUD" name="test_admin_cannot_update_super_admin" time="0.098" /><testcase classname="backend.tests.test_backend_node.TestUserCRUD" name="test_admin_cannot_delete_super_admin" time="0.085" /><testcase classname="backend.tests.test_backend_node.TestUserCRUD" name="test_editor_cannot_access_users" time="0.105" /><testcase classname="backend.tests.test_backend_node.TestUserCRUD" name="test_author_cannot_access_users" time="0.080" /><testcase classname="backend.tests.test_backend_node.TestUserCRUD" name="test_cannot_delete_self" time="0.100" /><testcase classname="backend.tests.test_backend_node.TestUserCRUD" name="test_cannot_delete_last_super_admin" time="0.095" /><testcase classname="backend.tests.test_backend_node.TestUserCRUD" name="test_create_user_validation" time="0.188" /><testcase classname="backend.tests.test_backend_node.TestPublicBlogs" name="test_list_default" time="0.107" /><testcase classname="backend.tests.test_backend_node.TestPublicBlogs" name="test_search_safai" time="0.105" /><testcase classname="backend.tests.test_backend_node.TestPublicBlogs" name="test_get_by_slug" time="0.203" /><testcase classname="backend.tests.test_backend_node.TestPublicBlogs" name="test_slug_404" time="0.079" /><testcase classname="backend.tests.test_backend_node.TestPublicBlogs" name="test_related" time="0.169" /><testcase classname="backend.tests.test_backend_node.TestPublicBlogs" name="test_include_unpublished_no_auth_ignored" time="0.090" /><testcase classname="backend.tests.test_backend_node.TestBlogRBAC" name="test_author_create_forces_unpublished" time="0.192" /><testcase classname="backend.tests.test_backend_node.TestBlogRBAC" name="test_author_create_sets_created_by" time="0.183" /><testcase classname="backend.tests.test_backend_node.TestBlogRBAC" name="test_author_update_own_strips_published" time="0.282" /><testcase classname="backend.tests.test_backend_node.TestBlogRBAC" name="test_author_update_others_403" time="0.223" /><testcase classname="backend.tests.test_backend_node.TestBlogRBAC" name="test_author_delete_others_403" time="0.189" /><testcase classname="backend.tests.test_backend_node.TestBlogRBAC" name="test_editor_can_publish_any_blog" time="0.341" /><testcase classname="backend.tests.test_backend_node.TestBlogRBAC" name="test_blog_validation_errors" time="0.098" /><testcase classname="backend.tests.test_backend_node.TestIncludeUnpublished" name="test_admin_sees_unpublished" time="0.278" /><testcase classname="backend.tests.test_backend_node.TestIncludeUnpublished" name="test_author_unpublished_scoped" time="0.486" /><testcase classname="backend.tests.test_backend_node.TestUpload" name="test_upload_image_and_fetch" time="0.198" /><testcase classname="backend.tests.test_backend_node.TestUpload" name="test_upload_non_image_rejected" time="0.092" /><testcase classname="backend.tests.test_backend_node.TestUpload" name="test_upload_requires_auth" time="0.088" /><testcase classname="backend.tests.test_backend_node.TestIdLeak" name="test_blogs_no_id_leak" time="0.115" /><testcase classname="backend.tests.test_backend_node.TestIdLeak" name="test_users_no_id_leak" time="0.095" /></testsuite></testsuites>